<?xml version="1.0" encoding="UTF-8"?>
<testng-results total="1" passed="1" failed="0" skipped="0">
  <reporter-output>
  </reporter-output>
  <suite started-at="2021-06-16T07:12:11Z" name="Suite" finished-at="2021-06-16T07:12:11Z" duration-ms="33">
    <groups>
    </groups>
    <test started-at="2021-06-16T07:12:11Z" name="Test" finished-at="2021-06-16T07:12:11Z" duration-ms="33">
      <class name="testPackage.NewTest01">
        <test-method is-config="true" signature="beforeTest()[pri:0, instance:testPackage.NewTest01@53b7f657]" started-at="2021-06-16T12:42:11Z" name="beforeTest" finished-at="2021-06-16T12:42:11Z" duration-ms="12" status="PASS">
          <reporter-output>
          </reporter-output>
        </test-method> <!-- beforeTest -->
        <test-method signature="FirstHello()[pri:0, instance:testPackage.NewTest01@53b7f657]" started-at="2021-06-16T12:42:11Z" name="FirstHello" finished-at="2021-06-16T12:42:11Z" duration-ms="6" status="PASS">
          <reporter-output>
          </reporter-output>
        </test-method> <!-- FirstHello -->
        <test-method is-config="true" signature="afterTest()[pri:0, instance:testPackage.NewTest01@53b7f657]" started-at="2021-06-16T12:42:11Z" name="afterTest" finished-at="2021-06-16T12:42:11Z" duration-ms="0" status="PASS">
          <reporter-output>
          </reporter-output>
        </test-method> <!-- afterTest -->
      </class> <!-- testPackage.NewTest01 -->
    </test> <!-- Test -->
  </suite> <!-- Suite -->
</testng-results>
