<?xml version="1.0" encoding="UTF-8"?>
<testng-results skipped="0" failed="0" total="2" passed="2">
  <reporter-output>
  </reporter-output>
  <suite name="Suite" duration-ms="22913" started-at="2021-06-16T11:10:58Z" finished-at="2021-06-16T11:11:21Z">
    <groups>
    </groups>
    <test name="Test" duration-ms="22913" started-at="2021-06-16T11:10:58Z" finished-at="2021-06-16T11:11:21Z">
      <class name="testPackage.NewTest01">
        <test-method status="PASS" signature="beforeTest()[pri:0, instance:testPackage.NewTest01@731f8236]" name="beforeTest" is-config="true" duration-ms="9" started-at="2021-06-16T16:40:58Z" finished-at="2021-06-16T16:40:58Z">
          <reporter-output>
          </reporter-output>
        </test-method> <!-- beforeTest -->
        <test-method status="PASS" signature="beforeTest(java.lang.String)[pri:0, instance:testPackage.VerifyPageName@58c1c010]" name="beforeTest" is-config="true" duration-ms="10907" started-at="2021-06-16T16:40:58Z" finished-at="2021-06-16T16:41:09Z">
          <params>
            <param index="0">
              <value>
                <![CDATA[edge]]>
              </value>
            </param>
          </params>
          <reporter-output>
          </reporter-output>
        </test-method> <!-- beforeTest -->
        <test-method status="PASS" signature="FirstHello()[pri:0, instance:testPackage.NewTest01@731f8236]" name="FirstHello" duration-ms="1" started-at="2021-06-16T16:41:09Z" finished-at="2021-06-16T16:41:09Z">
          <reporter-output>
          </reporter-output>
        </test-method> <!-- FirstHello -->
        <test-method status="PASS" signature="afterTest()[pri:0, instance:testPackage.NewTest01@731f8236]" name="afterTest" is-config="true" duration-ms="0" started-at="2021-06-16T16:41:20Z" finished-at="2021-06-16T16:41:20Z">
          <reporter-output>
          </reporter-output>
        </test-method> <!-- afterTest -->
        <test-method status="PASS" signature="afterTest()[pri:0, instance:testPackage.VerifyPageName@58c1c010]" name="afterTest" is-config="true" duration-ms="885" started-at="2021-06-16T16:41:20Z" finished-at="2021-06-16T16:41:21Z">
          <reporter-output>
          </reporter-output>
        </test-method> <!-- afterTest -->
      </class> <!-- testPackage.NewTest01 -->
      <class name="testPackage.VerifyPageName">
        <test-method status="PASS" signature="VerifyWebPageName()[pri:0, instance:testPackage.VerifyPageName@58c1c010]" name="VerifyWebPageName" duration-ms="11091" started-at="2021-06-16T16:41:09Z" finished-at="2021-06-16T16:41:20Z">
          <reporter-output>
          </reporter-output>
        </test-method> <!-- VerifyWebPageName -->
      </class> <!-- testPackage.VerifyPageName -->
    </test> <!-- Test -->
  </suite> <!-- Suite -->
</testng-results>
